2022-01-15 14:59:28,140:INFO:PyCaret Supervised Module
2022-01-15 14:59:28,140:INFO:ML Usecase: regression
2022-01-15 14:59:28,141:INFO:version 2.3.6
2022-01-15 14:59:28,141:INFO:Initializing setup()
2022-01-15 14:59:28,141:INFO:setup(target=num_sold, ml_usecase=regression, available_plots={'parameter': 'Hyperparameters', 'residuals': 'Residuals', 'error': 'Prediction Error', 'cooks': 'Cooks Distance', 'rfe': 'Feature Selection', 'learning': 'Learning Curve', 'manifold': 'Manifold Learning', 'vc': 'Validation Curve', 'feature': 'Feature Importance', 'feature_all': 'Feature Importance (All)', 'tree': 'Decision Tree', 'residuals_interactive': 'Interactive Residuals'}, train_size=0.7, test_data=None, preprocess=True, imputation_type=simple, iterative_imputation_iters=5, categorical_features=None, categorical_imputation=constant, categorical_iterative_imputer=lightgbm, ordinal_features=None, high_cardinality_features=None, high_cardinality_method=frequency, numeric_features=None, numeric_imputation=mean, numeric_iterative_imputer=lightgbm, date_features=None, ignore_features=None, normalize=False, normalize_method=zscore, transformation=False, transformation_method=yeo-johnson, handle_unknown_categorical=True, unknown_categorical_method=least_frequent, pca=False, pca_method=linear, pca_components=None, ignore_low_variance=False, combine_rare_levels=False, rare_level_threshold=0.1, bin_numeric_features=None, remove_outliers=False, outliers_threshold=0.05, remove_multicollinearity=False, multicollinearity_threshold=0.9, remove_perfect_collinearity=True, create_clusters=False, cluster_iter=20, polynomial_features=False, polynomial_degree=2, trigonometry_features=False, polynomial_threshold=0.1, group_features=None, group_names=None, feature_selection=False, feature_selection_threshold=0.8, feature_selection_method=classic, feature_interaction=False, feature_ratio=False, interaction_threshold=0.01, fix_imbalance=False, fix_imbalance_method=None, transform_target=False, transform_target_method=box-cox, data_split_shuffle=True, data_split_stratify=False, fold_strategy=kfold, fold=10, fold_shuffle=False, fold_groups=None, n_jobs=-1, use_gpu=False, custom_pipeline=None, html=True, session_id=None, log_experiment=False, experiment_name=None, log_plots=False, log_profile=False, log_data=False, silent=False, verbose=True, profile=False, profile_kwargs=None, display=None)
2022-01-15 14:59:28,142:INFO:Checking environment
2022-01-15 14:59:28,142:INFO:python_version: 3.7.6
2022-01-15 14:59:28,142:INFO:python_build: ('default', 'Jan  8 2020 19:59:22')
2022-01-15 14:59:28,142:INFO:machine: x86_64
2022-01-15 14:59:28,144:INFO:platform: Linux-4.9.0-16-amd64-x86_64-with-debian-buster-sid
2022-01-15 14:59:28,145:INFO:Memory: svmem(total=67427942400, available=56327192576, percent=16.5, used=9623674880, free=2045550592, active=37873844224, inactive=20045561856, buffers=1692372992, cached=54066343936, shared=727826432, slab=6334324736)
2022-01-15 14:59:28,147:INFO:Physical Core: 8
2022-01-15 14:59:28,147:INFO:Logical Core: 16
2022-01-15 14:59:28,148:INFO:Checking libraries
2022-01-15 14:59:28,148:INFO:pd==1.3.2
2022-01-15 14:59:28,148:INFO:numpy==1.19.5
2022-01-15 14:59:28,148:INFO:sklearn==0.23.2
2022-01-15 14:59:28,148:INFO:lightgbm==3.0.0
2022-01-15 14:59:28,573:INFO:catboost==0.24.4
2022-01-15 14:59:28,801:INFO:xgboost==1.1.1
2022-01-15 14:59:29,840:INFO:mlflow==1.5.0
2022-01-15 14:59:29,840:INFO:Checking Exceptions
2022-01-15 15:00:34,669:INFO:PyCaret Supervised Module
2022-01-15 15:00:34,669:INFO:ML Usecase: regression
2022-01-15 15:00:34,670:INFO:version 2.3.6
2022-01-15 15:00:34,670:INFO:Initializing setup()
2022-01-15 15:00:34,670:INFO:setup(target=num_sold, ml_usecase=regression, available_plots={'parameter': 'Hyperparameters', 'residuals': 'Residuals', 'error': 'Prediction Error', 'cooks': 'Cooks Distance', 'rfe': 'Feature Selection', 'learning': 'Learning Curve', 'manifold': 'Manifold Learning', 'vc': 'Validation Curve', 'feature': 'Feature Importance', 'feature_all': 'Feature Importance (All)', 'tree': 'Decision Tree', 'residuals_interactive': 'Interactive Residuals'}, train_size=0.7, test_data=None, preprocess=True, imputation_type=simple, iterative_imputation_iters=5, categorical_features=None, categorical_imputation=constant, categorical_iterative_imputer=lightgbm, ordinal_features=None, high_cardinality_features=None, high_cardinality_method=frequency, numeric_features=None, numeric_imputation=mean, numeric_iterative_imputer=lightgbm, date_features=None, ignore_features=None, normalize=False, normalize_method=zscore, transformation=False, transformation_method=yeo-johnson, handle_unknown_categorical=True, unknown_categorical_method=least_frequent, pca=False, pca_method=linear, pca_components=None, ignore_low_variance=False, combine_rare_levels=False, rare_level_threshold=0.1, bin_numeric_features=None, remove_outliers=False, outliers_threshold=0.05, remove_multicollinearity=False, multicollinearity_threshold=0.9, remove_perfect_collinearity=True, create_clusters=False, cluster_iter=20, polynomial_features=False, polynomial_degree=2, trigonometry_features=False, polynomial_threshold=0.1, group_features=None, group_names=None, feature_selection=False, feature_selection_threshold=0.8, feature_selection_method=classic, feature_interaction=False, feature_ratio=False, interaction_threshold=0.01, fix_imbalance=False, fix_imbalance_method=None, transform_target=False, transform_target_method=box-cox, data_split_shuffle=True, data_split_stratify=False, fold_strategy=kfold, fold=10, fold_shuffle=False, fold_groups=None, n_jobs=-1, use_gpu=False, custom_pipeline=None, html=True, session_id=None, log_experiment=False, experiment_name=None, log_plots=False, log_profile=False, log_data=False, silent=False, verbose=True, profile=False, profile_kwargs=None, display=None)
2022-01-15 15:00:34,670:INFO:Checking environment
2022-01-15 15:00:34,671:INFO:python_version: 3.7.6
2022-01-15 15:00:34,671:INFO:python_build: ('default', 'Jan  8 2020 19:59:22')
2022-01-15 15:00:34,671:INFO:machine: x86_64
2022-01-15 15:00:34,671:INFO:platform: Linux-4.9.0-16-amd64-x86_64-with-debian-buster-sid
2022-01-15 15:00:34,672:INFO:Memory: svmem(total=67427942400, available=56416247808, percent=16.3, used=9534603264, free=2109014016, active=37784576000, inactive=20069474304, buffers=1692372992, cached=54091952128, shared=727826432, slab=6335553536)
2022-01-15 15:00:34,674:INFO:Physical Core: 8
2022-01-15 15:00:34,674:INFO:Logical Core: 16
2022-01-15 15:00:34,674:INFO:Checking libraries
2022-01-15 15:00:34,674:INFO:pd==1.3.2
2022-01-15 15:00:34,674:INFO:numpy==1.19.5
2022-01-15 15:00:34,674:INFO:sklearn==0.23.2
2022-01-15 15:00:34,674:INFO:lightgbm==3.0.0
2022-01-15 15:00:34,674:INFO:catboost==0.24.4
2022-01-15 15:00:34,674:INFO:xgboost==1.1.1
2022-01-15 15:00:34,675:INFO:mlflow==1.5.0
2022-01-15 15:00:34,675:INFO:Checking Exceptions
2022-01-15 15:00:34,675:INFO:Declaring global variables
2022-01-15 15:00:34,675:INFO:USI: f37e
2022-01-15 15:00:34,675:INFO:pycaret_globals: {'y_train', 'fold_groups_param', 'USI', 'X_test', 'X_train', 'X', 'fix_imbalance_param', '_available_plots', 'fold_param', 'transform_target_param', '_internal_pipeline', 'pycaret_globals', 'fix_imbalance_method_param', 'master_model_container', 'imputation_classifier', '_all_metrics', '_ml_usecase', 'create_model_container', 'display_container', '_all_models', 'fold_groups_param_full', 'stratify_param', '_gpu_n_jobs_param', 'gpu_param', 'data_before_preprocess', 'seed', 'logging_param', 'imputation_regressor', 'exp_name_log', 'log_plots_param', 'fold_shuffle_param', '_all_models_internal', 'n_jobs_param', 'y_test', 'transform_target_method_param', 'iterative_imputation_iters_param', 'y', 'prep_pipe', 'target_param', 'html_param', 'fold_generator', 'experiment__'}
2022-01-15 15:00:34,675:INFO:Preparing display monitor
2022-01-15 15:00:34,676:INFO:Preparing display monitor
2022-01-15 15:00:34,696:INFO:Importing libraries
2022-01-15 15:00:34,697:INFO:Copying data for preprocessing
2022-01-15 15:00:34,708:INFO:Declaring preprocessing parameters
2022-01-15 15:00:34,712:INFO:Creating preprocessing pipeline
2022-01-15 15:00:34,731:INFO:Preprocessing pipeline created successfully
2022-01-15 15:00:34,732:ERROR:(Process Exit): setup has been interupted with user command 'quit'. setup must rerun.
2022-01-15 15:00:34,732:INFO:Creating global containers
2022-01-15 15:00:34,732:INFO:Internal pipeline: Pipeline(memory=None, steps=[('empty_step', 'passthrough')], verbose=False)
2022-01-15 15:00:48,987:INFO:Creating grid variables
2022-01-15 15:00:49,003:INFO:create_model_container: 0
2022-01-15 15:00:49,003:INFO:master_model_container: 0
2022-01-15 15:00:49,003:INFO:display_container: 1
2022-01-15 15:00:49,012:INFO:Pipeline(memory=None,
         steps=[('dtypes',
                 DataTypes_Auto_infer(categorical_features=[],
                                      display_types=True, features_todrop=[],
                                      id_columns=[], ml_usecase='regression',
                                      numerical_features=[], target='num_sold',
                                      time_features=[])),
                ('imputer',
                 Simple_Imputer(categorical_strategy='not_available',
                                fill_value_categorical=None,
                                fill_value_numerical=None,
                                numeric_strateg...
                ('scaling', 'passthrough'), ('P_transform', 'passthrough'),
                ('binn', 'passthrough'), ('rem_outliers', 'passthrough'),
                ('cluster_all', 'passthrough'),
                ('dummy', Dummify(target='num_sold')),
                ('fix_perfect', Remove_100(target='num_sold')),
                ('clean_names', Clean_Colum_Names()),
                ('feature_select', 'passthrough'), ('fix_multi', 'passthrough'),
                ('dfs', 'passthrough'), ('pca', 'passthrough')],
         verbose=False)
2022-01-15 15:00:49,012:INFO:setup() succesfully completed......................................
2022-01-15 15:01:34,894:INFO:Initializing compare_models()
2022-01-15 15:01:34,894:INFO:compare_models(include=None, fold=None, round=4, cross_validation=True, sort=R2, n_select=1, budget_time=None, turbo=True, errors=ignore, fit_kwargs=None, groups=None, probability_threshold=None, verbose=True, display=None, exclude=None)
2022-01-15 15:01:34,895:INFO:Checking exceptions
2022-01-15 15:01:34,895:INFO:Preparing display monitor
2022-01-15 15:01:34,896:INFO:Preparing display monitor
2022-01-15 15:01:34,938:INFO:Initializing Linear Regression
2022-01-15 15:01:34,938:INFO:Total runtime is 3.0676523844401043e-06 minutes
2022-01-15 15:01:34,950:INFO:SubProcess create_model() called ==================================
2022-01-15 15:01:34,951:INFO:Initializing create_model()
2022-01-15 15:01:34,951:INFO:create_model(estimator=lr, fold=KFold(n_splits=10, random_state=None, shuffle=False), round=4, cross_validation=True, predict=True, fit_kwargs={}, groups=None, refit=False, verbose=False, system=False, metrics=None, add_to_model_list=True, probability_threshold=None, display=<pycaret.internal.Display.Display object at 0x7f1b51ca9bd0>, kwargs={})
2022-01-15 15:01:34,951:INFO:Checking exceptions
2022-01-15 15:01:34,951:INFO:Importing libraries
2022-01-15 15:01:34,952:INFO:Copying training dataset
2022-01-15 15:01:34,953:INFO:Defining folds
2022-01-15 15:01:34,954:INFO:Declaring metric variables
2022-01-15 15:01:34,964:INFO:Importing untrained model
2022-01-15 15:01:34,977:INFO:Linear Regression Imported succesfully
2022-01-15 15:01:35,001:INFO:Starting cross validation
2022-01-15 15:01:35,007:INFO:Cross validating with KFold(n_splits=10, random_state=None, shuffle=False), n_jobs=-1
2022-01-15 15:01:41,596:INFO:Calculating mean and std
2022-01-15 15:01:41,598:INFO:Creating metrics dataframe
2022-01-15 15:01:41,604:INFO:Uploading results into container
2022-01-15 15:01:41,604:INFO:Uploading model into container now
2022-01-15 15:01:41,604:INFO:create_model_container: 1
2022-01-15 15:01:41,605:INFO:master_model_container: 1
2022-01-15 15:01:41,605:INFO:display_container: 2
2022-01-15 15:01:41,605:INFO:LinearRegression(copy_X=True, fit_intercept=True, n_jobs=-1, normalize=False)
2022-01-15 15:01:41,605:INFO:create_model() succesfully completed......................................
2022-01-15 15:01:41,724:INFO:SubProcess create_model() end ==================================
2022-01-15 15:01:41,725:INFO:Creating metrics dataframe
2022-01-15 15:01:41,741:INFO:Initializing Lasso Regression
2022-01-15 15:01:41,741:INFO:Total runtime is 0.11338778336842854 minutes
2022-01-15 15:01:41,750:INFO:SubProcess create_model() called ==================================
2022-01-15 15:01:41,750:INFO:Initializing create_model()
2022-01-15 15:01:41,750:INFO:create_model(estimator=lasso, fold=KFold(n_splits=10, random_state=None, shuffle=False), round=4, cross_validation=True, predict=True, fit_kwargs={}, groups=None, refit=False, verbose=False, system=False, metrics=None, add_to_model_list=True, probability_threshold=None, display=<pycaret.internal.Display.Display object at 0x7f1b51ca9bd0>, kwargs={})
2022-01-15 15:01:41,751:INFO:Checking exceptions
2022-01-15 15:01:41,751:INFO:Importing libraries
2022-01-15 15:01:41,751:INFO:Copying training dataset
2022-01-15 15:01:41,753:INFO:Defining folds
2022-01-15 15:01:41,753:INFO:Declaring metric variables
2022-01-15 15:01:41,762:INFO:Importing untrained model
2022-01-15 15:01:41,776:INFO:Lasso Regression Imported succesfully
2022-01-15 15:01:41,795:INFO:Starting cross validation
2022-01-15 15:01:41,796:INFO:Cross validating with KFold(n_splits=10, random_state=None, shuffle=False), n_jobs=-1
2022-01-15 15:01:46,652:INFO:Calculating mean and std
2022-01-15 15:01:46,654:INFO:Creating metrics dataframe
2022-01-15 15:01:46,661:INFO:Uploading results into container
2022-01-15 15:01:46,661:INFO:Uploading model into container now
2022-01-15 15:01:46,662:INFO:create_model_container: 2
2022-01-15 15:01:46,662:INFO:master_model_container: 2
2022-01-15 15:01:46,662:INFO:display_container: 2
2022-01-15 15:01:46,662:INFO:Lasso(alpha=1.0, copy_X=True, fit_intercept=True, max_iter=1000,
      normalize=False, positive=False, precompute=False, random_state=4916,
      selection='cyclic', tol=0.0001, warm_start=False)
2022-01-15 15:01:46,662:INFO:create_model() succesfully completed......................................
2022-01-15 15:01:46,768:INFO:SubProcess create_model() end ==================================
2022-01-15 15:01:46,768:INFO:Creating metrics dataframe
2022-01-15 15:01:46,786:INFO:Initializing Ridge Regression
2022-01-15 15:01:46,786:INFO:Total runtime is 0.19745802879333496 minutes
2022-01-15 15:01:46,794:INFO:SubProcess create_model() called ==================================
2022-01-15 15:01:46,795:INFO:Initializing create_model()
2022-01-15 15:01:46,795:INFO:create_model(estimator=ridge, fold=KFold(n_splits=10, random_state=None, shuffle=False), round=4, cross_validation=True, predict=True, fit_kwargs={}, groups=None, refit=False, verbose=False, system=False, metrics=None, add_to_model_list=True, probability_threshold=None, display=<pycaret.internal.Display.Display object at 0x7f1b51ca9bd0>, kwargs={})
2022-01-15 15:01:46,795:INFO:Checking exceptions
2022-01-15 15:01:46,795:INFO:Importing libraries
2022-01-15 15:01:46,795:INFO:Copying training dataset
2022-01-15 15:01:46,797:INFO:Defining folds
2022-01-15 15:01:46,797:INFO:Declaring metric variables
2022-01-15 15:01:46,807:INFO:Importing untrained model
2022-01-15 15:01:46,817:INFO:Ridge Regression Imported succesfully
2022-01-15 15:01:46,840:INFO:Starting cross validation
2022-01-15 15:01:46,841:INFO:Cross validating with KFold(n_splits=10, random_state=None, shuffle=False), n_jobs=-1
2022-01-15 15:01:47,595:INFO:Calculating mean and std
2022-01-15 15:01:47,596:INFO:Creating metrics dataframe
2022-01-15 15:01:47,603:INFO:Uploading results into container
2022-01-15 15:01:47,603:INFO:Uploading model into container now
2022-01-15 15:01:47,603:INFO:create_model_container: 3
2022-01-15 15:01:47,603:INFO:master_model_container: 3
2022-01-15 15:01:47,604:INFO:display_container: 2
2022-01-15 15:01:47,604:INFO:Ridge(alpha=1.0, copy_X=True, fit_intercept=True, max_iter=None,
      normalize=False, random_state=4916, solver='auto', tol=0.001)
2022-01-15 15:01:47,604:INFO:create_model() succesfully completed......................................
2022-01-15 15:01:47,718:INFO:SubProcess create_model() end ==================================
2022-01-15 15:01:47,718:INFO:Creating metrics dataframe
2022-01-15 15:01:47,738:INFO:Initializing Elastic Net
2022-01-15 15:01:47,739:INFO:Total runtime is 0.21334005991617838 minutes
2022-01-15 15:01:47,750:INFO:SubProcess create_model() called ==================================
2022-01-15 15:01:47,751:INFO:Initializing create_model()
2022-01-15 15:01:47,751:INFO:create_model(estimator=en, fold=KFold(n_splits=10, random_state=None, shuffle=False), round=4, cross_validation=True, predict=True, fit_kwargs={}, groups=None, refit=False, verbose=False, system=False, metrics=None, add_to_model_list=True, probability_threshold=None, display=<pycaret.internal.Display.Display object at 0x7f1b51ca9bd0>, kwargs={})
2022-01-15 15:01:47,751:INFO:Checking exceptions
2022-01-15 15:01:47,752:INFO:Importing libraries
2022-01-15 15:01:47,752:INFO:Copying training dataset
2022-01-15 15:01:47,754:INFO:Defining folds
2022-01-15 15:01:47,754:INFO:Declaring metric variables
2022-01-15 15:01:47,768:INFO:Importing untrained model
2022-01-15 15:01:47,780:INFO:Elastic Net Imported succesfully
2022-01-15 15:01:47,801:INFO:Starting cross validation
2022-01-15 15:01:47,802:INFO:Cross validating with KFold(n_splits=10, random_state=None, shuffle=False), n_jobs=-1
2022-01-15 15:01:48,776:INFO:Calculating mean and std
2022-01-15 15:01:48,777:INFO:Creating metrics dataframe
2022-01-15 15:01:48,781:INFO:Uploading results into container
2022-01-15 15:01:48,781:INFO:Uploading model into container now
2022-01-15 15:01:48,781:INFO:create_model_container: 4
2022-01-15 15:01:48,781:INFO:master_model_container: 4
2022-01-15 15:01:48,781:INFO:display_container: 2
2022-01-15 15:01:48,782:INFO:ElasticNet(alpha=1.0, copy_X=True, fit_intercept=True, l1_ratio=0.5,
           max_iter=1000, normalize=False, positive=False, precompute=False,
           random_state=4916, selection='cyclic', tol=0.0001, warm_start=False)
2022-01-15 15:01:48,782:INFO:create_model() succesfully completed......................................
2022-01-15 15:01:48,891:INFO:SubProcess create_model() end ==================================
2022-01-15 15:01:48,891:INFO:Creating metrics dataframe
2022-01-15 15:01:48,912:INFO:Initializing Least Angle Regression
2022-01-15 15:01:48,912:INFO:Total runtime is 0.2329007387161255 minutes
2022-01-15 15:01:48,922:INFO:SubProcess create_model() called ==================================
2022-01-15 15:01:48,922:INFO:Initializing create_model()
2022-01-15 15:01:48,922:INFO:create_model(estimator=lar, fold=KFold(n_splits=10, random_state=None, shuffle=False), round=4, cross_validation=True, predict=True, fit_kwargs={}, groups=None, refit=False, verbose=False, system=False, metrics=None, add_to_model_list=True, probability_threshold=None, display=<pycaret.internal.Display.Display object at 0x7f1b51ca9bd0>, kwargs={})
2022-01-15 15:01:48,923:INFO:Checking exceptions
2022-01-15 15:01:48,923:INFO:Importing libraries
2022-01-15 15:01:48,923:INFO:Copying training dataset
2022-01-15 15:01:48,924:INFO:Defining folds
2022-01-15 15:01:48,924:INFO:Declaring metric variables
2022-01-15 15:01:48,935:INFO:Importing untrained model
2022-01-15 15:01:48,947:INFO:Least Angle Regression Imported succesfully
2022-01-15 15:01:48,968:INFO:Starting cross validation
2022-01-15 15:01:48,968:INFO:Cross validating with KFold(n_splits=10, random_state=None, shuffle=False), n_jobs=-1
2022-01-15 15:01:49,626:INFO:Calculating mean and std
2022-01-15 15:01:49,629:INFO:Creating metrics dataframe
2022-01-15 15:01:49,640:INFO:Uploading results into container
2022-01-15 15:01:49,640:INFO:Uploading model into container now
2022-01-15 15:01:49,641:INFO:create_model_container: 5
2022-01-15 15:01:49,641:INFO:master_model_container: 5
2022-01-15 15:01:49,641:INFO:display_container: 2
2022-01-15 15:01:49,641:INFO:Lars(copy_X=True, eps=2.220446049250313e-16, fit_intercept=True, fit_path=True,
     jitter=None, n_nonzero_coefs=500, normalize=True, precompute='auto',
     random_state=4916, verbose=False)
2022-01-15 15:01:49,641:INFO:create_model() succesfully completed......................................
2022-01-15 15:01:49,749:INFO:SubProcess create_model() end ==================================
2022-01-15 15:01:49,749:INFO:Creating metrics dataframe
2022-01-15 15:01:49,768:INFO:Initializing Lasso Least Angle Regression
2022-01-15 15:01:49,768:INFO:Total runtime is 0.2471614917119344 minutes
2022-01-15 15:01:49,777:INFO:SubProcess create_model() called ==================================
2022-01-15 15:01:49,777:INFO:Initializing create_model()
2022-01-15 15:01:49,777:INFO:create_model(estimator=llar, fold=KFold(n_splits=10, random_state=None, shuffle=False), round=4, cross_validation=True, predict=True, fit_kwargs={}, groups=None, refit=False, verbose=False, system=False, metrics=None, add_to_model_list=True, probability_threshold=None, display=<pycaret.internal.Display.Display object at 0x7f1b51ca9bd0>, kwargs={})
2022-01-15 15:01:49,778:INFO:Checking exceptions
2022-01-15 15:01:49,778:INFO:Importing libraries
2022-01-15 15:01:49,778:INFO:Copying training dataset
2022-01-15 15:01:49,780:INFO:Defining folds
2022-01-15 15:01:49,780:INFO:Declaring metric variables
2022-01-15 15:01:49,790:INFO:Importing untrained model
2022-01-15 15:01:49,800:INFO:Lasso Least Angle Regression Imported succesfully
2022-01-15 15:01:49,823:INFO:Starting cross validation
2022-01-15 15:01:49,824:INFO:Cross validating with KFold(n_splits=10, random_state=None, shuffle=False), n_jobs=-1
2022-01-15 15:01:50,430:INFO:Calculating mean and std
2022-01-15 15:01:50,432:INFO:Creating metrics dataframe
2022-01-15 15:01:50,440:INFO:Uploading results into container
2022-01-15 15:01:50,440:INFO:Uploading model into container now
2022-01-15 15:01:50,440:INFO:create_model_container: 6
2022-01-15 15:01:50,440:INFO:master_model_container: 6
2022-01-15 15:01:50,440:INFO:display_container: 2
2022-01-15 15:01:50,441:INFO:LassoLars(alpha=1.0, copy_X=True, eps=2.220446049250313e-16, fit_intercept=True,
          fit_path=True, jitter=None, max_iter=500, normalize=True,
          positive=False, precompute='auto', random_state=4916, verbose=False)
2022-01-15 15:01:50,441:INFO:create_model() succesfully completed......................................
2022-01-15 15:01:50,546:INFO:SubProcess create_model() end ==================================
2022-01-15 15:01:50,546:INFO:Creating metrics dataframe
2022-01-15 15:01:50,564:INFO:Initializing Orthogonal Matching Pursuit
2022-01-15 15:01:50,565:INFO:Total runtime is 0.2604389866193136 minutes
2022-01-15 15:01:50,576:INFO:SubProcess create_model() called ==================================
2022-01-15 15:01:50,576:INFO:Initializing create_model()
2022-01-15 15:01:50,576:INFO:create_model(estimator=omp, fold=KFold(n_splits=10, random_state=None, shuffle=False), round=4, cross_validation=True, predict=True, fit_kwargs={}, groups=None, refit=False, verbose=False, system=False, metrics=None, add_to_model_list=True, probability_threshold=None, display=<pycaret.internal.Display.Display object at 0x7f1b51ca9bd0>, kwargs={})
2022-01-15 15:01:50,576:INFO:Checking exceptions
2022-01-15 15:01:50,577:INFO:Importing libraries
2022-01-15 15:01:50,577:INFO:Copying training dataset
2022-01-15 15:01:50,578:INFO:Defining folds
2022-01-15 15:01:50,578:INFO:Declaring metric variables
2022-01-15 15:01:50,589:INFO:Importing untrained model
2022-01-15 15:01:50,600:INFO:Orthogonal Matching Pursuit Imported succesfully
2022-01-15 15:01:50,629:INFO:Starting cross validation
2022-01-15 15:01:50,630:INFO:Cross validating with KFold(n_splits=10, random_state=None, shuffle=False), n_jobs=-1
2022-01-15 15:01:51,364:INFO:Calculating mean and std
2022-01-15 15:01:51,366:INFO:Creating metrics dataframe
2022-01-15 15:01:51,374:INFO:Uploading results into container
2022-01-15 15:01:51,374:INFO:Uploading model into container now
2022-01-15 15:01:51,374:INFO:create_model_container: 7
2022-01-15 15:01:51,375:INFO:master_model_container: 7
2022-01-15 15:01:51,375:INFO:display_container: 2
2022-01-15 15:01:51,376:INFO:OrthogonalMatchingPursuit(fit_intercept=True, n_nonzero_coefs=None,
                          normalize=True, precompute='auto', tol=None)
2022-01-15 15:01:51,376:INFO:create_model() succesfully completed......................................
2022-01-15 15:01:51,495:INFO:SubProcess create_model() end ==================================
2022-01-15 15:01:51,495:INFO:Creating metrics dataframe
2022-01-15 15:01:51,516:INFO:Initializing Bayesian Ridge
2022-01-15 15:01:51,516:INFO:Total runtime is 0.27629372278849285 minutes
2022-01-15 15:01:51,526:INFO:SubProcess create_model() called ==================================
2022-01-15 15:01:51,526:INFO:Initializing create_model()
2022-01-15 15:01:51,526:INFO:create_model(estimator=br, fold=KFold(n_splits=10, random_state=None, shuffle=False), round=4, cross_validation=True, predict=True, fit_kwargs={}, groups=None, refit=False, verbose=False, system=False, metrics=None, add_to_model_list=True, probability_threshold=None, display=<pycaret.internal.Display.Display object at 0x7f1b51ca9bd0>, kwargs={})
2022-01-15 15:01:51,526:INFO:Checking exceptions
2022-01-15 15:01:51,526:INFO:Importing libraries
2022-01-15 15:01:51,527:INFO:Copying training dataset
2022-01-15 15:01:51,528:INFO:Defining folds
2022-01-15 15:01:51,529:INFO:Declaring metric variables
2022-01-15 15:01:51,539:INFO:Importing untrained model
2022-01-15 15:01:51,550:INFO:Bayesian Ridge Imported succesfully
2022-01-15 15:01:51,572:INFO:Starting cross validation
2022-01-15 15:01:51,573:INFO:Cross validating with KFold(n_splits=10, random_state=None, shuffle=False), n_jobs=-1
2022-01-15 15:01:52,736:INFO:Calculating mean and std
2022-01-15 15:01:52,737:INFO:Creating metrics dataframe
2022-01-15 15:01:52,748:INFO:Uploading results into container
2022-01-15 15:01:52,748:INFO:Uploading model into container now
2022-01-15 15:01:52,748:INFO:create_model_container: 8
2022-01-15 15:01:52,748:INFO:master_model_container: 8
2022-01-15 15:01:52,748:INFO:display_container: 2
2022-01-15 15:01:52,749:INFO:BayesianRidge(alpha_1=1e-06, alpha_2=1e-06, alpha_init=None,
              compute_score=False, copy_X=True, fit_intercept=True,
              lambda_1=1e-06, lambda_2=1e-06, lambda_init=None, n_iter=300,
              normalize=False, tol=0.001, verbose=False)
2022-01-15 15:01:52,749:INFO:create_model() succesfully completed......................................
2022-01-15 15:01:52,867:INFO:SubProcess create_model() end ==================================
2022-01-15 15:01:52,868:INFO:Creating metrics dataframe
2022-01-15 15:01:52,893:INFO:Initializing Passive Aggressive Regressor
2022-01-15 15:01:52,893:INFO:Total runtime is 0.29924824635187786 minutes
2022-01-15 15:01:52,908:INFO:SubProcess create_model() called ==================================
2022-01-15 15:01:52,909:INFO:Initializing create_model()
2022-01-15 15:01:52,909:INFO:create_model(estimator=par, fold=KFold(n_splits=10, random_state=None, shuffle=False), round=4, cross_validation=True, predict=True, fit_kwargs={}, groups=None, refit=False, verbose=False, system=False, metrics=None, add_to_model_list=True, probability_threshold=None, display=<pycaret.internal.Display.Display object at 0x7f1b51ca9bd0>, kwargs={})
2022-01-15 15:01:52,909:INFO:Checking exceptions
2022-01-15 15:01:52,910:INFO:Importing libraries
2022-01-15 15:01:52,910:INFO:Copying training dataset
2022-01-15 15:01:52,912:INFO:Defining folds
2022-01-15 15:01:52,912:INFO:Declaring metric variables
2022-01-15 15:01:52,923:INFO:Importing untrained model
2022-01-15 15:01:52,934:INFO:Passive Aggressive Regressor Imported succesfully
2022-01-15 15:01:52,955:INFO:Starting cross validation
2022-01-15 15:01:52,956:INFO:Cross validating with KFold(n_splits=10, random_state=None, shuffle=False), n_jobs=-1
2022-01-15 15:01:53,534:INFO:Calculating mean and std
2022-01-15 15:01:53,535:INFO:Creating metrics dataframe
2022-01-15 15:01:53,541:INFO:Uploading results into container
2022-01-15 15:01:53,542:INFO:Uploading model into container now
2022-01-15 15:01:53,542:INFO:create_model_container: 9
2022-01-15 15:01:53,542:INFO:master_model_container: 9
2022-01-15 15:01:53,542:INFO:display_container: 2
2022-01-15 15:01:53,543:INFO:PassiveAggressiveRegressor(C=1.0, average=False, early_stopping=False,
                           epsilon=0.1, fit_intercept=True,
                           loss='epsilon_insensitive', max_iter=1000,
                           n_iter_no_change=5, random_state=4916, shuffle=True,
                           tol=0.001, validation_fraction=0.1, verbose=0,
                           warm_start=False)
2022-01-15 15:01:53,543:INFO:create_model() succesfully completed......................................
2022-01-15 15:01:53,661:INFO:SubProcess create_model() end ==================================
2022-01-15 15:01:53,661:INFO:Creating metrics dataframe
2022-01-15 15:01:53,694:INFO:Initializing Huber Regressor
2022-01-15 15:01:53,694:INFO:Total runtime is 0.31259650786717735 minutes
2022-01-15 15:01:53,705:INFO:SubProcess create_model() called ==================================
2022-01-15 15:01:53,706:INFO:Initializing create_model()
2022-01-15 15:01:53,706:INFO:create_model(estimator=huber, fold=KFold(n_splits=10, random_state=None, shuffle=False), round=4, cross_validation=True, predict=True, fit_kwargs={}, groups=None, refit=False, verbose=False, system=False, metrics=None, add_to_model_list=True, probability_threshold=None, display=<pycaret.internal.Display.Display object at 0x7f1b51ca9bd0>, kwargs={})
2022-01-15 15:01:53,706:INFO:Checking exceptions
2022-01-15 15:01:53,706:INFO:Importing libraries
2022-01-15 15:01:53,706:INFO:Copying training dataset
2022-01-15 15:01:53,708:INFO:Defining folds
2022-01-15 15:01:53,708:INFO:Declaring metric variables
2022-01-15 15:01:53,722:INFO:Importing untrained model
2022-01-15 15:01:53,735:INFO:Huber Regressor Imported succesfully
2022-01-15 15:01:53,757:INFO:Starting cross validation
2022-01-15 15:01:53,758:INFO:Cross validating with KFold(n_splits=10, random_state=None, shuffle=False), n_jobs=-1
2022-01-15 15:01:59,770:INFO:Calculating mean and std
2022-01-15 15:01:59,771:INFO:Creating metrics dataframe
2022-01-15 15:01:59,783:INFO:Uploading results into container
2022-01-15 15:01:59,783:INFO:Uploading model into container now
2022-01-15 15:01:59,784:INFO:create_model_container: 10
2022-01-15 15:01:59,784:INFO:master_model_container: 10
2022-01-15 15:01:59,784:INFO:display_container: 2
2022-01-15 15:01:59,784:INFO:HuberRegressor(alpha=0.0001, epsilon=1.35, fit_intercept=True, max_iter=100,
               tol=1e-05, warm_start=False)
2022-01-15 15:01:59,784:INFO:create_model() succesfully completed......................................
2022-01-15 15:01:59,914:INFO:SubProcess create_model() end ==================================
2022-01-15 15:01:59,914:INFO:Creating metrics dataframe
2022-01-15 15:01:59,934:INFO:Initializing K Neighbors Regressor
2022-01-15 15:01:59,934:INFO:Total runtime is 0.41659749746322633 minutes
2022-01-15 15:01:59,944:INFO:SubProcess create_model() called ==================================
2022-01-15 15:01:59,945:INFO:Initializing create_model()
2022-01-15 15:01:59,945:INFO:create_model(estimator=knn, fold=KFold(n_splits=10, random_state=None, shuffle=False), round=4, cross_validation=True, predict=True, fit_kwargs={}, groups=None, refit=False, verbose=False, system=False, metrics=None, add_to_model_list=True, probability_threshold=None, display=<pycaret.internal.Display.Display object at 0x7f1b51ca9bd0>, kwargs={})
2022-01-15 15:01:59,945:INFO:Checking exceptions
2022-01-15 15:01:59,945:INFO:Importing libraries
2022-01-15 15:01:59,945:INFO:Copying training dataset
2022-01-15 15:01:59,947:INFO:Defining folds
2022-01-15 15:01:59,947:INFO:Declaring metric variables
2022-01-15 15:01:59,955:INFO:Importing untrained model
2022-01-15 15:01:59,965:INFO:K Neighbors Regressor Imported succesfully
2022-01-15 15:01:59,984:INFO:Starting cross validation
2022-01-15 15:01:59,985:INFO:Cross validating with KFold(n_splits=10, random_state=None, shuffle=False), n_jobs=-1
2022-01-15 15:02:00,905:INFO:Calculating mean and std
2022-01-15 15:02:00,907:INFO:Creating metrics dataframe
2022-01-15 15:02:00,916:INFO:Uploading results into container
2022-01-15 15:02:00,916:INFO:Uploading model into container now
2022-01-15 15:02:00,916:INFO:create_model_container: 11
2022-01-15 15:02:00,916:INFO:master_model_container: 11
2022-01-15 15:02:00,916:INFO:display_container: 2
2022-01-15 15:02:00,917:INFO:KNeighborsRegressor(algorithm='auto', leaf_size=30, metric='minkowski',
                    metric_params=None, n_jobs=-1, n_neighbors=5, p=2,
                    weights='uniform')
2022-01-15 15:02:00,917:INFO:create_model() succesfully completed......................................
2022-01-15 15:02:01,029:INFO:SubProcess create_model() end ==================================
2022-01-15 15:02:01,029:INFO:Creating metrics dataframe
2022-01-15 15:02:01,051:INFO:Initializing Decision Tree Regressor
2022-01-15 15:02:01,051:INFO:Total runtime is 0.43521806796391804 minutes
2022-01-15 15:02:01,061:INFO:SubProcess create_model() called ==================================
2022-01-15 15:02:01,062:INFO:Initializing create_model()
2022-01-15 15:02:01,062:INFO:create_model(estimator=dt, fold=KFold(n_splits=10, random_state=None, shuffle=False), round=4, cross_validation=True, predict=True, fit_kwargs={}, groups=None, refit=False, verbose=False, system=False, metrics=None, add_to_model_list=True, probability_threshold=None, display=<pycaret.internal.Display.Display object at 0x7f1b51ca9bd0>, kwargs={})
2022-01-15 15:02:01,062:INFO:Checking exceptions
2022-01-15 15:02:01,062:INFO:Importing libraries
2022-01-15 15:02:01,062:INFO:Copying training dataset
2022-01-15 15:02:01,064:INFO:Defining folds
2022-01-15 15:02:01,064:INFO:Declaring metric variables
2022-01-15 15:02:01,074:INFO:Importing untrained model
2022-01-15 15:02:01,085:INFO:Decision Tree Regressor Imported succesfully
2022-01-15 15:02:01,114:INFO:Starting cross validation
2022-01-15 15:02:01,115:INFO:Cross validating with KFold(n_splits=10, random_state=None, shuffle=False), n_jobs=-1
2022-01-15 15:02:01,475:INFO:Calculating mean and std
2022-01-15 15:02:01,477:INFO:Creating metrics dataframe
2022-01-15 15:02:01,485:INFO:Uploading results into container
2022-01-15 15:02:01,485:INFO:Uploading model into container now
2022-01-15 15:02:01,485:INFO:create_model_container: 12
2022-01-15 15:02:01,485:INFO:master_model_container: 12
2022-01-15 15:02:01,485:INFO:display_container: 2
2022-01-15 15:02:01,486:INFO:DecisionTreeRegressor(ccp_alpha=0.0, criterion='mse', max_depth=None,
                      max_features=None, max_leaf_nodes=None,
                      min_impurity_decrease=0.0, min_impurity_split=None,
                      min_samples_leaf=1, min_samples_split=2,
                      min_weight_fraction_leaf=0.0, presort='deprecated',
                      random_state=4916, splitter='best')
2022-01-15 15:02:01,486:INFO:create_model() succesfully completed......................................
2022-01-15 15:02:01,595:INFO:SubProcess create_model() end ==================================
2022-01-15 15:02:01,596:INFO:Creating metrics dataframe
2022-01-15 15:02:01,617:INFO:Initializing Random Forest Regressor
2022-01-15 15:02:01,617:INFO:Total runtime is 0.44464565118153887 minutes
2022-01-15 15:02:01,627:INFO:SubProcess create_model() called ==================================
2022-01-15 15:02:01,628:INFO:Initializing create_model()
2022-01-15 15:02:01,628:INFO:create_model(estimator=rf, fold=KFold(n_splits=10, random_state=None, shuffle=False), round=4, cross_validation=True, predict=True, fit_kwargs={}, groups=None, refit=False, verbose=False, system=False, metrics=None, add_to_model_list=True, probability_threshold=None, display=<pycaret.internal.Display.Display object at 0x7f1b51ca9bd0>, kwargs={})
2022-01-15 15:02:01,628:INFO:Checking exceptions
2022-01-15 15:02:01,628:INFO:Importing libraries
2022-01-15 15:02:01,628:INFO:Copying training dataset
2022-01-15 15:02:01,630:INFO:Defining folds
2022-01-15 15:02:01,631:INFO:Declaring metric variables
2022-01-15 15:02:01,642:INFO:Importing untrained model
2022-01-15 15:02:01,653:INFO:Random Forest Regressor Imported succesfully
2022-01-15 15:02:01,679:INFO:Starting cross validation
2022-01-15 15:02:01,681:INFO:Cross validating with KFold(n_splits=10, random_state=None, shuffle=False), n_jobs=-1
2022-01-15 15:02:08,907:INFO:Calculating mean and std
2022-01-15 15:02:08,910:INFO:Creating metrics dataframe
2022-01-15 15:02:08,921:INFO:Uploading results into container
2022-01-15 15:02:08,921:INFO:Uploading model into container now
2022-01-15 15:02:08,921:INFO:create_model_container: 13
2022-01-15 15:02:08,921:INFO:master_model_container: 13
2022-01-15 15:02:08,921:INFO:display_container: 2
2022-01-15 15:02:08,922:INFO:RandomForestRegressor(bootstrap=True, ccp_alpha=0.0, criterion='mse',
                      max_depth=None, max_features='auto', max_leaf_nodes=None,
                      max_samples=None, min_impurity_decrease=0.0,
                      min_impurity_split=None, min_samples_leaf=1,
                      min_samples_split=2, min_weight_fraction_leaf=0.0,
                      n_estimators=100, n_jobs=-1, oob_score=False,
                      random_state=4916, verbose=0, warm_start=False)
2022-01-15 15:02:08,922:INFO:create_model() succesfully completed......................................
2022-01-15 15:02:09,043:INFO:SubProcess create_model() end ==================================
2022-01-15 15:02:09,043:INFO:Creating metrics dataframe
2022-01-15 15:02:09,078:INFO:Initializing Extra Trees Regressor
2022-01-15 15:02:09,079:INFO:Total runtime is 0.5690062483151753 minutes
2022-01-15 15:02:09,091:INFO:SubProcess create_model() called ==================================
2022-01-15 15:02:09,091:INFO:Initializing create_model()
2022-01-15 15:02:09,091:INFO:create_model(estimator=et, fold=KFold(n_splits=10, random_state=None, shuffle=False), round=4, cross_validation=True, predict=True, fit_kwargs={}, groups=None, refit=False, verbose=False, system=False, metrics=None, add_to_model_list=True, probability_threshold=None, display=<pycaret.internal.Display.Display object at 0x7f1b51ca9bd0>, kwargs={})
2022-01-15 15:02:09,092:INFO:Checking exceptions
2022-01-15 15:02:09,092:INFO:Importing libraries
2022-01-15 15:02:09,092:INFO:Copying training dataset
2022-01-15 15:02:09,094:INFO:Defining folds
2022-01-15 15:02:09,095:INFO:Declaring metric variables
2022-01-15 15:02:09,109:INFO:Importing untrained model
2022-01-15 15:02:09,121:INFO:Extra Trees Regressor Imported succesfully
2022-01-15 15:02:09,144:INFO:Starting cross validation
2022-01-15 15:02:09,144:INFO:Cross validating with KFold(n_splits=10, random_state=None, shuffle=False), n_jobs=-1
2022-01-15 15:02:17,161:INFO:Calculating mean and std
2022-01-15 15:02:17,163:INFO:Creating metrics dataframe
2022-01-15 15:02:17,172:INFO:Uploading results into container
2022-01-15 15:02:17,172:INFO:Uploading model into container now
2022-01-15 15:02:17,172:INFO:create_model_container: 14
2022-01-15 15:02:17,173:INFO:master_model_container: 14
2022-01-15 15:02:17,173:INFO:display_container: 2
2022-01-15 15:02:17,174:INFO:ExtraTreesRegressor(bootstrap=False, ccp_alpha=0.0, criterion='mse',
                    max_depth=None, max_features='auto', max_leaf_nodes=None,
                    max_samples=None, min_impurity_decrease=0.0,
                    min_impurity_split=None, min_samples_leaf=1,
                    min_samples_split=2, min_weight_fraction_leaf=0.0,
                    n_estimators=100, n_jobs=-1, oob_score=False,
                    random_state=4916, verbose=0, warm_start=False)
2022-01-15 15:02:17,174:INFO:create_model() succesfully completed......................................
2022-01-15 15:02:17,306:INFO:SubProcess create_model() end ==================================
2022-01-15 15:02:17,306:INFO:Creating metrics dataframe
2022-01-15 15:02:17,330:INFO:Initializing AdaBoost Regressor
2022-01-15 15:02:17,331:INFO:Total runtime is 0.7065407991409302 minutes
2022-01-15 15:02:17,341:INFO:SubProcess create_model() called ==================================
2022-01-15 15:02:17,342:INFO:Initializing create_model()
2022-01-15 15:02:17,342:INFO:create_model(estimator=ada, fold=KFold(n_splits=10, random_state=None, shuffle=False), round=4, cross_validation=True, predict=True, fit_kwargs={}, groups=None, refit=False, verbose=False, system=False, metrics=None, add_to_model_list=True, probability_threshold=None, display=<pycaret.internal.Display.Display object at 0x7f1b51ca9bd0>, kwargs={})
2022-01-15 15:02:17,342:INFO:Checking exceptions
2022-01-15 15:02:17,342:INFO:Importing libraries
2022-01-15 15:02:17,342:INFO:Copying training dataset
2022-01-15 15:02:17,344:INFO:Defining folds
2022-01-15 15:02:17,344:INFO:Declaring metric variables
2022-01-15 15:02:17,355:INFO:Importing untrained model
2022-01-15 15:02:17,366:INFO:AdaBoost Regressor Imported succesfully
2022-01-15 15:02:17,388:INFO:Starting cross validation
2022-01-15 15:02:17,389:INFO:Cross validating with KFold(n_splits=10, random_state=None, shuffle=False), n_jobs=-1
2022-01-15 15:02:19,430:INFO:Calculating mean and std
2022-01-15 15:02:19,432:INFO:Creating metrics dataframe
2022-01-15 15:02:19,441:INFO:Uploading results into container
2022-01-15 15:02:19,441:INFO:Uploading model into container now
2022-01-15 15:02:19,442:INFO:create_model_container: 15
2022-01-15 15:02:19,442:INFO:master_model_container: 15
2022-01-15 15:02:19,442:INFO:display_container: 2
2022-01-15 15:02:19,442:INFO:AdaBoostRegressor(base_estimator=None, learning_rate=1.0, loss='linear',
                  n_estimators=50, random_state=4916)
2022-01-15 15:02:19,442:INFO:create_model() succesfully completed......................................
2022-01-15 15:02:19,547:INFO:SubProcess create_model() end ==================================
2022-01-15 15:02:19,548:INFO:Creating metrics dataframe
2022-01-15 15:02:19,569:INFO:Initializing Gradient Boosting Regressor
2022-01-15 15:02:19,570:INFO:Total runtime is 0.743855607509613 minutes
2022-01-15 15:02:19,580:INFO:SubProcess create_model() called ==================================
2022-01-15 15:02:19,580:INFO:Initializing create_model()
2022-01-15 15:02:19,580:INFO:create_model(estimator=gbr, fold=KFold(n_splits=10, random_state=None, shuffle=False), round=4, cross_validation=True, predict=True, fit_kwargs={}, groups=None, refit=False, verbose=False, system=False, metrics=None, add_to_model_list=True, probability_threshold=None, display=<pycaret.internal.Display.Display object at 0x7f1b51ca9bd0>, kwargs={})
2022-01-15 15:02:19,580:INFO:Checking exceptions
2022-01-15 15:02:19,580:INFO:Importing libraries
2022-01-15 15:02:19,580:INFO:Copying training dataset
2022-01-15 15:02:19,582:INFO:Defining folds
2022-01-15 15:02:19,582:INFO:Declaring metric variables
2022-01-15 15:02:19,592:INFO:Importing untrained model
2022-01-15 15:02:19,603:INFO:Gradient Boosting Regressor Imported succesfully
2022-01-15 15:02:19,623:INFO:Starting cross validation
2022-01-15 15:02:19,623:INFO:Cross validating with KFold(n_splits=10, random_state=None, shuffle=False), n_jobs=-1
2022-01-15 15:02:22,018:INFO:Calculating mean and std
2022-01-15 15:02:22,020:INFO:Creating metrics dataframe
2022-01-15 15:02:22,029:INFO:Uploading results into container
2022-01-15 15:02:22,029:INFO:Uploading model into container now
2022-01-15 15:02:22,029:INFO:create_model_container: 16
2022-01-15 15:02:22,030:INFO:master_model_container: 16
2022-01-15 15:02:22,030:INFO:display_container: 2
2022-01-15 15:02:22,030:INFO:GradientBoostingRegressor(alpha=0.9, ccp_alpha=0.0, criterion='friedman_mse',
                          init=None, learning_rate=0.1, loss='ls', max_depth=3,
                          max_features=None, max_leaf_nodes=None,
                          min_impurity_decrease=0.0, min_impurity_split=None,
                          min_samples_leaf=1, min_samples_split=2,
                          min_weight_fraction_leaf=0.0, n_estimators=100,
                          n_iter_no_change=None, presort='deprecated',
                          random_state=4916, subsample=1.0, tol=0.0001,
                          validation_fraction=0.1, verbose=0, warm_start=False)
2022-01-15 15:02:22,030:INFO:create_model() succesfully completed......................................
2022-01-15 15:02:22,157:INFO:SubProcess create_model() end ==================================
2022-01-15 15:02:22,157:INFO:Creating metrics dataframe
2022-01-15 15:02:22,188:INFO:Initializing Extreme Gradient Boosting
2022-01-15 15:02:22,188:INFO:Total runtime is 0.7875013073285421 minutes
2022-01-15 15:02:22,199:INFO:SubProcess create_model() called ==================================
2022-01-15 15:02:22,200:INFO:Initializing create_model()
2022-01-15 15:02:22,200:INFO:create_model(estimator=xgboost, fold=KFold(n_splits=10, random_state=None, shuffle=False), round=4, cross_validation=True, predict=True, fit_kwargs={}, groups=None, refit=False, verbose=False, system=False, metrics=None, add_to_model_list=True, probability_threshold=None, display=<pycaret.internal.Display.Display object at 0x7f1b51ca9bd0>, kwargs={})
2022-01-15 15:02:22,200:INFO:Checking exceptions
2022-01-15 15:02:22,200:INFO:Importing libraries
2022-01-15 15:02:22,200:INFO:Copying training dataset
2022-01-15 15:02:22,202:INFO:Defining folds
2022-01-15 15:02:22,202:INFO:Declaring metric variables
2022-01-15 15:02:22,213:INFO:Importing untrained model
2022-01-15 15:02:22,227:INFO:Extreme Gradient Boosting Imported succesfully
2022-01-15 15:02:22,248:INFO:Starting cross validation
2022-01-15 15:02:22,249:INFO:Cross validating with KFold(n_splits=10, random_state=None, shuffle=False), n_jobs=-1
2022-01-15 15:02:28,516:INFO:Calculating mean and std
2022-01-15 15:02:28,518:INFO:Creating metrics dataframe
2022-01-15 15:02:28,529:INFO:Uploading results into container
2022-01-15 15:02:28,529:INFO:Uploading model into container now
2022-01-15 15:02:28,529:INFO:create_model_container: 17
2022-01-15 15:02:28,529:INFO:master_model_container: 17
2022-01-15 15:02:28,529:INFO:display_container: 2
2022-01-15 15:02:28,531:INFO:XGBRegressor(base_score=None, booster='gbtree', colsample_bylevel=None,
             colsample_bynode=None, colsample_bytree=None, gamma=None,
             gpu_id=None, importance_type='gain', interaction_constraints=None,
             learning_rate=None, max_delta_step=None, max_depth=None,
             min_child_weight=None, missing=nan, monotone_constraints=None,
             n_estimators=100, n_jobs=-1, num_parallel_tree=None,
             objective='reg:squarederror', random_state=4916, reg_alpha=None,
             reg_lambda=None, scale_pos_weight=None, subsample=None,
             tree_method='auto', validate_parameters=None, verbosity=0)
2022-01-15 15:02:28,531:INFO:create_model() succesfully completed......................................
2022-01-15 15:02:28,635:INFO:SubProcess create_model() end ==================================
2022-01-15 15:02:28,635:INFO:Creating metrics dataframe
2022-01-15 15:02:28,657:INFO:Initializing Light Gradient Boosting Machine
2022-01-15 15:02:28,657:INFO:Total runtime is 0.8953111012776692 minutes
2022-01-15 15:02:28,672:INFO:SubProcess create_model() called ==================================
2022-01-15 15:02:28,672:INFO:Initializing create_model()
2022-01-15 15:02:28,672:INFO:create_model(estimator=lightgbm, fold=KFold(n_splits=10, random_state=None, shuffle=False), round=4, cross_validation=True, predict=True, fit_kwargs={}, groups=None, refit=False, verbose=False, system=False, metrics=None, add_to_model_list=True, probability_threshold=None, display=<pycaret.internal.Display.Display object at 0x7f1b51ca9bd0>, kwargs={})
2022-01-15 15:02:28,672:INFO:Checking exceptions
2022-01-15 15:02:28,672:INFO:Importing libraries
2022-01-15 15:02:28,673:INFO:Copying training dataset
2022-01-15 15:02:28,675:INFO:Defining folds
2022-01-15 15:02:28,675:INFO:Declaring metric variables
2022-01-15 15:02:28,686:INFO:Importing untrained model
2022-01-15 15:02:28,697:INFO:Light Gradient Boosting Machine Imported succesfully
2022-01-15 15:02:28,717:INFO:Starting cross validation
2022-01-15 15:02:28,717:INFO:Cross validating with KFold(n_splits=10, random_state=None, shuffle=False), n_jobs=-1
2022-01-15 15:07:58,933:INFO:Calculating mean and std
2022-01-15 15:07:58,935:INFO:Creating metrics dataframe
2022-01-15 15:07:58,946:INFO:Uploading results into container
2022-01-15 15:07:58,946:INFO:Uploading model into container now
2022-01-15 15:07:58,946:INFO:create_model_container: 18
2022-01-15 15:07:58,946:INFO:master_model_container: 18
2022-01-15 15:07:58,947:INFO:display_container: 2
2022-01-15 15:07:58,948:INFO:LGBMRegressor(boosting_type='gbdt', class_weight=None, colsample_bytree=1.0,
              importance_type='split', learning_rate=0.1, max_depth=-1,
              min_child_samples=20, min_child_weight=0.001, min_split_gain=0.0,
              n_estimators=100, n_jobs=-1, num_leaves=31, objective=None,
              random_state=4916, reg_alpha=0.0, reg_lambda=0.0, silent=True,
              subsample=1.0, subsample_for_bin=200000, subsample_freq=0)
2022-01-15 15:07:58,948:INFO:create_model() succesfully completed......................................
2022-01-15 15:07:59,061:INFO:SubProcess create_model() end ==================================
2022-01-15 15:07:59,061:INFO:Creating metrics dataframe
2022-01-15 15:07:59,086:INFO:Initializing CatBoost Regressor
2022-01-15 15:07:59,086:INFO:Total runtime is 6.402461071809133 minutes
2022-01-15 15:07:59,101:INFO:SubProcess create_model() called ==================================
2022-01-15 15:07:59,102:INFO:Initializing create_model()
2022-01-15 15:07:59,102:INFO:create_model(estimator=catboost, fold=KFold(n_splits=10, random_state=None, shuffle=False), round=4, cross_validation=True, predict=True, fit_kwargs={}, groups=None, refit=False, verbose=False, system=False, metrics=None, add_to_model_list=True, probability_threshold=None, display=<pycaret.internal.Display.Display object at 0x7f1b51ca9bd0>, kwargs={})
2022-01-15 15:07:59,102:INFO:Checking exceptions
2022-01-15 15:07:59,103:INFO:Importing libraries
2022-01-15 15:07:59,103:INFO:Copying training dataset
2022-01-15 15:07:59,105:INFO:Defining folds
2022-01-15 15:07:59,105:INFO:Declaring metric variables
2022-01-15 15:07:59,116:INFO:Importing untrained model
2022-01-15 15:07:59,129:INFO:CatBoost Regressor Imported succesfully
2022-01-15 15:07:59,151:INFO:Starting cross validation
2022-01-15 15:07:59,152:INFO:Cross validating with KFold(n_splits=10, random_state=None, shuffle=False), n_jobs=-1
2022-01-15 15:09:00,849:INFO:Calculating mean and std
2022-01-15 15:09:00,852:INFO:Creating metrics dataframe
2022-01-15 15:09:00,861:INFO:Uploading results into container
2022-01-15 15:09:00,861:INFO:Uploading model into container now
2022-01-15 15:09:00,862:INFO:create_model_container: 19
2022-01-15 15:09:00,862:INFO:master_model_container: 19
2022-01-15 15:09:00,862:INFO:display_container: 2
2022-01-15 15:09:00,862:INFO:<catboost.core.CatBoostRegressor object at 0x7f1b51df5590>
2022-01-15 15:09:00,862:INFO:create_model() succesfully completed......................................
2022-01-15 15:09:01,007:INFO:SubProcess create_model() end ==================================
2022-01-15 15:09:01,008:INFO:Creating metrics dataframe
2022-01-15 15:09:01,039:INFO:Initializing Dummy Regressor
2022-01-15 15:09:01,040:INFO:Total runtime is 7.435022791226705 minutes
2022-01-15 15:09:01,050:INFO:SubProcess create_model() called ==================================
2022-01-15 15:09:01,051:INFO:Initializing create_model()
2022-01-15 15:09:01,051:INFO:create_model(estimator=dummy, fold=KFold(n_splits=10, random_state=None, shuffle=False), round=4, cross_validation=True, predict=True, fit_kwargs={}, groups=None, refit=False, verbose=False, system=False, metrics=None, add_to_model_list=True, probability_threshold=None, display=<pycaret.internal.Display.Display object at 0x7f1b51ca9bd0>, kwargs={})
2022-01-15 15:09:01,051:INFO:Checking exceptions
2022-01-15 15:09:01,051:INFO:Importing libraries
2022-01-15 15:09:01,052:INFO:Copying training dataset
2022-01-15 15:09:01,053:INFO:Defining folds
2022-01-15 15:09:01,054:INFO:Declaring metric variables
2022-01-15 15:09:01,064:INFO:Importing untrained model
2022-01-15 15:09:01,074:INFO:Dummy Regressor Imported succesfully
2022-01-15 15:09:01,096:INFO:Starting cross validation
2022-01-15 15:09:01,097:INFO:Cross validating with KFold(n_splits=10, random_state=None, shuffle=False), n_jobs=-1
2022-01-15 15:09:05,290:INFO:Calculating mean and std
2022-01-15 15:09:05,293:INFO:Creating metrics dataframe
2022-01-15 15:09:05,302:INFO:Uploading results into container
2022-01-15 15:09:05,302:INFO:Uploading model into container now
2022-01-15 15:09:05,303:INFO:create_model_container: 20
2022-01-15 15:09:05,303:INFO:master_model_container: 20
2022-01-15 15:09:05,303:INFO:display_container: 2
2022-01-15 15:09:05,304:INFO:DummyRegressor(constant=None, quantile=None, strategy='mean')
2022-01-15 15:09:05,304:INFO:create_model() succesfully completed......................................
2022-01-15 15:09:05,411:INFO:SubProcess create_model() end ==================================
2022-01-15 15:09:05,411:INFO:Creating metrics dataframe
2022-01-15 15:09:05,458:INFO:Initializing create_model()
2022-01-15 15:09:05,458:INFO:create_model(estimator=<catboost.core.CatBoostRegressor object at 0x7f1b51df5590>, fold=KFold(n_splits=10, random_state=None, shuffle=False), round=4, cross_validation=False, predict=False, fit_kwargs={}, groups=None, refit=True, verbose=False, system=False, metrics=None, add_to_model_list=True, probability_threshold=None, display=None, kwargs={})
2022-01-15 15:09:05,459:INFO:Checking exceptions
2022-01-15 15:09:05,459:INFO:Importing libraries
2022-01-15 15:09:05,459:INFO:Copying training dataset
2022-01-15 15:09:05,460:INFO:Defining folds
2022-01-15 15:09:05,460:INFO:Declaring metric variables
2022-01-15 15:09:05,460:INFO:Importing untrained model
2022-01-15 15:09:05,461:INFO:Declaring custom model
2022-01-15 15:09:05,461:INFO:CatBoost Regressor Imported succesfully
2022-01-15 15:09:05,462:INFO:Cross validation set to False
2022-01-15 15:09:05,462:INFO:Fitting Model
2022-01-15 15:09:14,750:INFO:<catboost.core.CatBoostRegressor object at 0x7f1b51d4c410>
2022-01-15 15:09:14,750:INFO:create_models() succesfully completed......................................
2022-01-15 15:09:14,946:INFO:create_model_container: 20
2022-01-15 15:09:14,946:INFO:master_model_container: 20
2022-01-15 15:09:14,946:INFO:display_container: 2
2022-01-15 15:09:14,946:INFO:<catboost.core.CatBoostRegressor object at 0x7f1b51d4c410>
2022-01-15 15:09:14,946:INFO:compare_models() succesfully completed......................................
2022-01-16 11:56:12,909:INFO:Initializing create_model()
2022-01-16 11:56:12,909:INFO:create_model(estimator=catboost, fold=None, round=4, cross_validation=True, predict=True, fit_kwargs=None, groups=None, refit=True, verbose=True, system=True, metrics=None, add_to_model_list=True, probability_threshold=None, display=None, kwargs={})
2022-01-16 11:56:12,910:INFO:Checking exceptions
2022-01-16 11:56:12,910:INFO:Preparing display monitor
2022-01-16 11:56:12,938:INFO:Importing libraries
2022-01-16 11:56:12,939:INFO:Copying training dataset
2022-01-16 11:56:12,941:INFO:Defining folds
2022-01-16 11:56:12,941:INFO:Declaring metric variables
2022-01-16 11:56:12,954:INFO:Importing untrained model
2022-01-16 11:56:12,969:INFO:CatBoost Regressor Imported succesfully
2022-01-16 11:56:12,996:INFO:Starting cross validation
2022-01-16 11:56:12,997:INFO:Cross validating with KFold(n_splits=10, random_state=None, shuffle=False), n_jobs=-1
2022-01-16 11:57:16,049:INFO:Calculating mean and std
2022-01-16 11:57:16,052:INFO:Creating metrics dataframe
2022-01-16 11:57:16,072:INFO:Finalizing model
2022-01-16 11:57:20,597:INFO:Uploading results into container
2022-01-16 11:57:20,597:INFO:Uploading model into container now
2022-01-16 11:57:20,616:INFO:create_model_container: 21
2022-01-16 11:57:20,616:INFO:master_model_container: 21
2022-01-16 11:57:20,616:INFO:display_container: 3
2022-01-16 11:57:20,616:INFO:<catboost.core.CatBoostRegressor object at 0x7f1b51f04810>
2022-01-16 11:57:20,617:INFO:create_model() succesfully completed......................................
2022-01-16 12:00:24,330:INFO:Initializing predict_model()
2022-01-16 12:00:24,331:INFO:predict_model(estimator=<catboost.core.CatBoostRegressor object at 0x7f1b51f04810>, probability_threshold=None, encoded_labels=True, drift_report=False, raw_score=False, round=4, verbose=True, ml_usecase=MLUsecase.REGRESSION, display=None)
2022-01-16 12:00:24,331:INFO:Checking exceptions
2022-01-16 12:00:24,332:INFO:Preloading libraries
2022-01-16 12:00:24,332:INFO:Preparing display monitor
2022-01-16 12:02:06,751:INFO:Initializing predict_model()
2022-01-16 12:02:06,752:INFO:predict_model(estimator=<catboost.core.CatBoostRegressor object at 0x7f1b51f04810>, probability_threshold=None, encoded_labels=True, drift_report=False, raw_score=False, round=4, verbose=True, ml_usecase=MLUsecase.REGRESSION, display=None)
2022-01-16 12:02:06,752:INFO:Checking exceptions
2022-01-16 12:02:06,752:INFO:Preloading libraries
2022-01-16 12:02:06,752:INFO:Preparing display monitor
2022-01-16 12:06:19,374:INFO:Initializing predict_model()
2022-01-16 12:06:19,374:INFO:predict_model(estimator=<catboost.core.CatBoostRegressor object at 0x7f1b51f04810>, probability_threshold=None, encoded_labels=True, drift_report=False, raw_score=False, round=4, verbose=True, ml_usecase=MLUsecase.REGRESSION, display=None)
2022-01-16 12:06:19,374:INFO:Checking exceptions
2022-01-16 12:06:19,374:INFO:Preloading libraries
2022-01-16 12:06:19,375:INFO:Preparing display monitor
2022-01-16 12:06:51,640:INFO:Initializing predict_model()
2022-01-16 12:06:51,640:INFO:predict_model(estimator=<catboost.core.CatBoostRegressor object at 0x7f1b51f04810>, probability_threshold=None, encoded_labels=True, drift_report=False, raw_score=False, round=4, verbose=True, ml_usecase=MLUsecase.REGRESSION, display=None)
2022-01-16 12:06:51,641:INFO:Checking exceptions
2022-01-16 12:06:51,641:INFO:Preloading libraries
2022-01-16 12:06:51,641:INFO:Preparing display monitor
2022-01-16 12:06:58,518:INFO:Initializing predict_model()
2022-01-16 12:06:58,518:INFO:predict_model(estimator=<catboost.core.CatBoostRegressor object at 0x7f1b51f04810>, probability_threshold=None, encoded_labels=True, drift_report=False, raw_score=False, round=4, verbose=True, ml_usecase=MLUsecase.REGRESSION, display=None)
2022-01-16 12:06:58,518:INFO:Checking exceptions
2022-01-16 12:06:58,518:INFO:Preloading libraries
2022-01-16 12:06:58,519:INFO:Preparing display monitor
2022-01-16 12:07:31,992:INFO:Initializing predict_model()
2022-01-16 12:07:31,992:INFO:predict_model(estimator=<catboost.core.CatBoostRegressor object at 0x7f1b51f04810>, probability_threshold=None, encoded_labels=True, drift_report=False, raw_score=False, round=4, verbose=True, ml_usecase=MLUsecase.REGRESSION, display=None)
2022-01-16 12:07:31,992:INFO:Checking exceptions
2022-01-16 12:07:31,992:INFO:Preloading libraries
2022-01-16 12:07:31,993:INFO:Preparing display monitor
